# JRE version: OpenJDK Runtime Environment (7.0_95) (build 1.7.0_95-b00)
# Java VM: OpenJDK 64-Bit Server VM (24.95-b01 mixed mode linux-amd64 compressed oops)
Heap
 def new generation   total 9344K, used 0K [0x00000000e6400000, 0x00000000e6e20000, 0x00000000eb600000)
  eden space 8320K,   0% used [0x00000000e6400000, 0x00000000e6400000, 0x00000000e6c20000)
  from space 1024K,   0% used [0x00000000e6c20000, 0x00000000e6c20000, 0x00000000e6d20000)
  to   space 1024K,   0% used [0x00000000e6d20000, 0x00000000e6d20000, 0x00000000e6e20000)
 tenured generation   total 20668K, used 17155K [0x00000000eb600000, 0x00000000eca2f000, 0x00000000f5a00000)
   the space 20668K,  83% used [0x00000000eb600000, 0x00000000ec6c0d38, 0x00000000ec6c0e00, 0x00000000eca2f000)
 compacting perm gen  total 32128K, used 32127K [0x00000000f5a00000, 0x00000000f7960000, 0x0000000100000000)
   the space 32128K,  99% used [0x00000000f5a00000, 0x00000000f795fff8, 0x00000000f7960000, 0x00000000f7960000)
GC Heap History (10 events):
Event: 8.771 GC heap after
Heap after GC invocations=82 (full 4):
 def new generation   total 9344K, used 574K [0x00000000e6400000, 0x00000000e6e20000, 0x00000000eb600000)
  eden space 8320K,   0% used [0x00000000e6400000, 0x00000000e6400000, 0x00000000e6c20000)
  from space 1024K,  56% used [0x00000000e6c20000, 0x00000000e6cafbe8, 0x00000000e6d20000)
  to   space 1024K,   0% used [0x00000000e6d20000, 0x00000000e6d20000, 0x00000000e6e20000)
 tenured generation   total 20668K, used 14609K [0x00000000eb600000, 0x00000000eca2f000, 0x00000000f5a00000)
   the space 20668K,  70% used [0x00000000eb600000, 0x00000000ec4445c8, 0x00000000ec444600, 0x00000000eca2f000)
 compacting perm gen  total 28288K, used 27983K [0x00000000f5a00000, 0x00000000f75a0000, 0x0000000100000000)
   the space 28288K,  98% used [0x00000000f5a00000, 0x00000000f7553db0, 0x00000000f7553e00, 0x00000000f75a0000)
No shared spaces configured.
}
Event: 8.968 GC heap before
{Heap before GC invocations=82 (full 4):
 def new generation   total 9344K, used 8894K [0x00000000e6400000, 0x00000000e6e20000, 0x00000000eb600000)
  eden space 8320K, 100% used [0x00000000e6400000, 0x00000000e6c20000, 0x00000000e6c20000)
  from space 1024K,  56% used [0x00000000e6c20000, 0x00000000e6cafbe8, 0x00000000e6d20000)
  to   space 1024K,   0% used [0x00000000e6d20000, 0x00000000e6d20000, 0x00000000e6e20000)
 tenured generation   total 20668K, used 14609K [0x00000000eb600000, 0x00000000eca2f000, 0x00000000f5a00000)
   the space 20668K,  70% used [0x00000000eb600000, 0x00000000ec4445c8, 0x00000000ec444600, 0x00000000eca2f000)
 compacting perm gen  total 28288K, used 28043K [0x00000000f5a00000, 0x00000000f75a0000, 0x0000000100000000)
   the space 28288K,  99% used [0x00000000f5a00000, 0x00000000f7562c78, 0x00000000f7562e00, 0x00000000f75a0000)
No shared spaces configured.
Event: 8.975 GC heap after
Heap after GC invocations=83 (full 4):
 def new generation   total 9344K, used 1024K [0x00000000e6400000, 0x00000000e6e20000, 0x00000000eb600000)
  eden space 8320K,   0% used [0x00000000e6400000, 0x00000000e6400000, 0x00000000e6c20000)
  from space 1024K, 100% used [0x00000000e6d20000, 0x00000000e6e20000, 0x00000000e6e20000)
  to   space 1024K,   0% used [0x00000000e6c20000, 0x00000000e6c20000, 0x00000000e6d20000)
 tenured generation   total 20668K, used 15869K [0x00000000eb600000, 0x00000000eca2f000, 0x00000000f5a00000)
   the space 20668K,  76% used [0x00000000eb600000, 0x00000000ec57f6f8, 0x00000000ec57f800, 0x00000000eca2f000)
 compacting perm gen  total 28288K, used 28043K [0x00000000f5a00000, 0x00000000f75a0000, 0x0000000100000000)
   the space 28288K,  99% used [0x00000000f5a00000, 0x00000000f7562c78, 0x00000000f7562e00, 0x00000000f75a0000)
No shared spaces configured.
}
Event: 9.608 GC heap before
{Heap before GC invocations=83 (full 4):
 def new generation   total 9344K, used 9344K [0x00000000e6400000, 0x00000000e6e20000, 0x00000000eb600000)
  eden space 8320K, 100% used [0x00000000e6400000, 0x00000000e6c20000, 0x00000000e6c20000)
  from space 1024K, 100% used [0x00000000e6d20000, 0x00000000e6e20000, 0x00000000e6e20000)
  to   space 1024K,   0% used [0x00000000e6c20000, 0x00000000e6c20000, 0x00000000e6d20000)
 tenured generation   total 20668K, used 15869K [0x00000000eb600000, 0x00000000eca2f000, 0x00000000f5a00000)
   the space 20668K,  76% used [0x00000000eb600000, 0x00000000ec57f6f8, 0x00000000ec57f800, 0x00000000eca2f000)
 compacting perm gen  total 28288K, used 28281K [0x00000000f5a00000, 0x00000000f75a0000, 0x0000000100000000)
   the space 28288K,  99% used [0x00000000f5a00000, 0x00000000f759e4d0, 0x00000000f759e600, 0x00000000f75a0000)
No shared spaces configured.
Event: 9.613 GC heap after
Heap after GC invocations=84 (full 4):
 def new generation   total 9344K, used 540K [0x00000000e6400000, 0x00000000e6e20000, 0x00000000eb600000)
  eden space 8320K,   0% used [0x00000000e6400000, 0x00000000e6400000, 0x00000000e6c20000)
  from space 1024K,  52% used [0x00000000e6c20000, 0x00000000e6ca7280, 0x00000000e6d20000)
  to   space 1024K,   0% used [0x00000000e6d20000, 0x00000000e6d20000, 0x00000000e6e20000)
 tenured generation   total 20668K, used 16791K [0x00000000eb600000, 0x00000000eca2f000, 0x00000000f5a00000)
   the space 20668K,  81% used [0x00000000eb600000, 0x00000000ec665f60, 0x00000000ec666000, 0x00000000eca2f000)
 compacting perm gen  total 28288K, used 28281K [0x00000000f5a00000, 0x00000000f75a0000, 0x0000000100000000)
   the space 28288K,  99% used [0x00000000f5a00000, 0x00000000f759e4d0, 0x00000000f759e600, 0x00000000f75a0000)
No shared spaces configured.
}
Event: 10.341 GC heap before
{Heap before GC invocations=84 (full 4):
 def new generation   total 9344K, used 8860K [0x00000000e6400000, 0x00000000e6e20000, 0x00000000eb600000)
  eden space 8320K, 100% used [0x00000000e6400000, 0x00000000e6c20000, 0x00000000e6c20000)
  from space 1024K,  52% used [0x00000000e6c20000, 0x00000000e6ca7280, 0x00000000e6d20000)
  to   space 1024K,   0% used [0x00000000e6d20000, 0x00000000e6d20000, 0x00000000e6e20000)
 tenured generation   total 20668K, used 16791K [0x00000000eb600000, 0x00000000eca2f000, 0x00000000f5a00000)
   the space 20668K,  81% used [0x00000000eb600000, 0x00000000ec665f60, 0x00000000ec666000, 0x00000000eca2f000)
 compacting perm gen  total 30528K, used 30502K [0x00000000f5a00000, 0x00000000f77d0000, 0x0000000100000000)
   the space 30528K,  99% used [0x00000000f5a00000, 0x00000000f77c9a70, 0x00000000f77c9c00, 0x00000000f77d0000)
No shared spaces configured.
Event: 10.357 GC heap after
Heap after GC invocations=85 (full 4):
 def new generation   total 9344K, used 1024K [0x00000000e6400000, 0x00000000e6e20000, 0x00000000eb600000)
  eden space 8320K,   0% used [0x00000000e6400000, 0x00000000e6400000, 0x00000000e6c20000)
  from space 1024K, 100% used [0x00000000e6d20000, 0x00000000e6e20000, 0x00000000e6e20000)
  to   space 1024K,   0% used [0x00000000e6c20000, 0x00000000e6c20000, 0x00000000e6d20000)
 tenured generation   total 20668K, used 17667K [0x00000000eb600000, 0x00000000eca2f000, 0x00000000f5a00000)
   the space 20668K,  85% used [0x00000000eb600000, 0x00000000ec740cb8, 0x00000000ec740e00, 0x00000000eca2f000)
 compacting perm gen  total 30528K, used 30502K [0x00000000f5a00000, 0x00000000f77d0000, 0x0000000100000000)
   the space 30528K,  99% used [0x00000000f5a00000, 0x00000000f77c9a70, 0x00000000f77c9c00, 0x00000000f77d0000)
No shared spaces configured.
}
Event: 10.758 GC heap before
{Heap before GC invocations=85 (full 4):
 def new generation   total 9344K, used 9239K [0x00000000e6400000, 0x00000000e6e20000, 0x00000000eb600000)
  eden space 8320K,  98% used [0x00000000e6400000, 0x00000000e6c05d58, 0x00000000e6c20000)
  from space 1024K, 100% used [0x00000000e6d20000, 0x00000000e6e20000, 0x00000000e6e20000)
  to   space 1024K,   0% used [0x00000000e6c20000, 0x00000000e6c20000, 0x00000000e6d20000)
 tenured generation   total 20668K, used 17667K [0x00000000eb600000, 0x00000000eca2f000, 0x00000000f5a00000)
   the space 20668K,  85% used [0x00000000eb600000, 0x00000000ec740cb8, 0x00000000ec740e00, 0x00000000eca2f000)
 compacting perm gen  total 31488K, used 31381K [0x00000000f5a00000, 0x00000000f78c0000, 0x0000000100000000)
   the space 31488K,  99% used [0x00000000f5a00000, 0x00000000f78a5758, 0x00000000f78a5800, 0x00000000f78c0000)
No shared spaces configured.
Event: 10.776 GC heap after
Heap after GC invocations=86 (full 4):
 def new generation   total 9344K, used 913K [0x00000000e6400000, 0x00000000e6e20000, 0x00000000eb600000)
  eden space 8320K,   0% used [0x00000000e6400000, 0x00000000e6400000, 0x00000000e6c20000)
  from space 1024K,  89% used [0x00000000e6c20000, 0x00000000e6d04630, 0x00000000e6d20000)
  to   space 1024K,   0% used [0x00000000e6d20000, 0x00000000e6d20000, 0x00000000e6e20000)
 tenured generation   total 20668K, used 17904K [0x00000000eb600000, 0x00000000eca2f000, 0x00000000f5a00000)
   the space 20668K,  86% used [0x00000000eb600000, 0x00000000ec77c2d8, 0x00000000ec77c400, 0x00000000eca2f000)
 compacting perm gen  total 31488K, used 31381K [0x00000000f5a00000, 0x00000000f78c0000, 0x0000000100000000)
   the space 31488K,  99% used [0x00000000f5a00000, 0x00000000f78a5758, 0x00000000f78a5800, 0x00000000f78c0000)
No shared spaces configured.
}
Event: 11.461 GC heap before
{Heap before GC invocations=86 (full 4):
 def new generation   total 9344K, used 4812K [0x00000000e6400000, 0x00000000e6e20000, 0x00000000eb600000)
  eden space 8320K,  46% used [0x00000000e6400000, 0x00000000e67cec40, 0x00000000e6c20000)
  from space 1024K,  89% used [0x00000000e6c20000, 0x00000000e6d04630, 0x00000000e6d20000)
  to   space 1024K,   0% used [0x00000000e6d20000, 0x00000000e6d20000, 0x00000000e6e20000)
 tenured generation   total 20668K, used 17904K [0x00000000eb600000, 0x00000000eca2f000, 0x00000000f5a00000)
   the space 20668K,  86% used [0x00000000eb600000, 0x00000000ec77c2d8, 0x00000000ec77c400, 0x00000000eca2f000)
 compacting perm gen  total 32128K, used 32127K [0x00000000f5a00000, 0x00000000f7960000, 0x0000000100000000)
   the space 32128K,  99% used [0x00000000f5a00000, 0x00000000f795fff8, 0x00000000f7960000, 0x00000000f7960000)
No shared spaces configured.

